#
# A fatal error has been detected by the Java Runtime Environment:
#
#  EXCEPTION_ACCESS_VIOLATION (0xc0000005) at pc=0x0000000065b74e13, pid=15080, tid=0x0000000000001d90
#
# JRE version: Java(TM) SE Runtime Environment (8.0_181-b13) (build 1.8.0_181-b13)
# Java VM: Java HotSpot(TM) 64-Bit Server VM (25.181-b13 mixed mode windows-amd64 compressed oops)
# Problematic frame:
# C  [nvoglv64.dll+0x9e4e13]
#
# Failed to write core dump. Minidumps are not enabled by default on client versions of Windows
#
# If you would like to submit a bug report, please visit:
#   http://bugreport.java.com/bugreport/crash.jsp
# The crash happened outside the Java Virtual Machine in native code.
# See problematic frame for where to report the bug.
#

---------------  T H R E A D  ---------------

Current thread (0x000000001f26e000):  JavaThread "AWT-EventQueue-0" [_thread_in_native, id=7568, stack(0x0000000026d60000,0x0000000026e60000)]

siginfo: ExceptionCode=0xc0000005, reading address 0x0000000000000000

Registers:
RAX=0x00000000281ed430, RBX=0x0000000000000000, RCX=0x000000007ffe0380, RDX=0x00000000281ed430
RSP=0x0000000026e5cbe0, RBP=0x00000000276a2f30, RSI=0x0000000000000000, RDI=0x0000000000000000
R8 =0x0000000000000000, R9 =0x0000000000000003, R10=0xffffffffd7e12bd0, R11=0x0000000000000000
R12=0x0000000000000000, R13=0x0000000065c263d0, R14=0x00000000281ed430, R15=0x0000000000000003
RIP=0x0000000065b74e13, EFLAGS=0x0000000000010246

Top of Stack: (sp=0x0000000026e5cbe0)
0x0000000026e5cbe0:   0000000000000000 0000000000000000
0x0000000026e5cbf0:   0000000000000000 0000000000000000
0x0000000026e5cc00:   0000000000000000 0000000000000000
0x0000000026e5cc10:   000000002b6d0000 0000000065b745fe
0x0000000026e5cc20:   0000000000000000 0000000000000003
0x0000000026e5cc30:   0000000000000001 0000000000000000
0x0000000026e5cc40:   0000000026e5cd00 0000000000000000
0x0000000026e5cc50:   000000001f26e1f8 0000000026e5ce38
0x0000000026e5cc60:   0000000000000000 0000000065b7aa3e
0x0000000026e5cc70:   0000000000000000 0000000000000000
0x0000000026e5cc80:   0000000000000000 000000001f270fb0
0x0000000026e5cc90:   0000000026c8ca00 0000000026e5ce38
0x0000000026e5cca0:   000000001f0ad5b0 000000006451f50f
0x0000000026e5ccb0:   0000000026e5da18 000000001e034350
0x0000000026e5ccc0:   00000000000003d8 000000001e034360
0x0000000026e5ccd0:   0000000126c8cac8 0000000000000003 

Instructions: (pc=0x0000000065b74e13)
0x0000000065b74df3:   45 85 ff 7e 45 4c 8b d3 45 8b cf 4d 2b d6 49 8b
0x0000000065b74e03:   d6 4c 8b c7 48 85 ff 74 07 49 63 00 85 c0 79 16
0x0000000065b74e13:   49 8b 0c 12 48 83 c8 ff 0f 1f 44 00 00 48 ff c0
0x0000000065b74e23:   80 3c 01 00 75 f7 48 89 02 48 03 f0 48 83 c2 08 


Register to memory mapping:

RAX=0x00000000281ed430 is an unknown value
RBX=0x0000000000000000 is an unknown value
RCX=0x000000007ffe0380 is an unknown value
RDX=0x00000000281ed430 is an unknown value
RSP=0x0000000026e5cbe0 is pointing into the stack for thread: 0x000000001f26e000
RBP=0x00000000276a2f30 is an unknown value
RSI=0x0000000000000000 is an unknown value
RDI=0x0000000000000000 is an unknown value
R8 =0x0000000000000000 is an unknown value
R9 =0x0000000000000003 is an unknown value
R10=0xffffffffd7e12bd0 is an unknown value
R11=0x0000000000000000 is an unknown value
R12=0x0000000000000000 is an unknown value
R13=0x0000000065c263d0 is an unknown value
R14=0x00000000281ed430 is an unknown value
R15=0x0000000000000003 is an unknown value


Stack: [0x0000000026d60000,0x0000000026e60000],  sp=0x0000000026e5cbe0,  free space=1010k
Native frames: (J=compiled Java code, j=interpreted, Vv=VM code, C=native code)
C  [nvoglv64.dll+0x9e4e13]
C  [nvoglv64.dll+0x9e45fe]
C  [nvoglv64.dll+0x9eaa3e]
C  [jogl_desktop.dll+0x1f50f]
C  0x0000000002678c67

Java frames: (J=compiled Java code, j=interpreted, Vv=VM code)
j  jogamp.opengl.gl4.GL4bcImpl.dispatch_glShaderSource1(II[Ljava/lang/String;Ljava/lang/Object;IZJ)V+0
j  jogamp.opengl.gl4.GL4bcImpl.glShaderSource(II[Ljava/lang/String;[II)V+110
j  Code.createShaderProgram()I+46
j  Code.init(Lcom/jogamp/opengl/GLAutoDrawable;)V+9
j  jogamp.opengl.GLDrawableHelper.init(Lcom/jogamp/opengl/GLEventListener;Lcom/jogamp/opengl/GLAutoDrawable;Z)V+2
j  jogamp.opengl.GLDrawableHelper.init(Lcom/jogamp/opengl/GLAutoDrawable;Z)V+81
j  com.jogamp.opengl.awt.GLCanvas$10.run()V+26
j  jogamp.opengl.GLDrawableHelper.invokeGLImpl(Lcom/jogamp/opengl/GLDrawable;Lcom/jogamp/opengl/GLContext;Ljava/lang/Runnable;Ljava/lang/Runnable;)V+197
j  jogamp.opengl.GLDrawableHelper.invokeGL(Lcom/jogamp/opengl/GLDrawable;Lcom/jogamp/opengl/GLContext;Ljava/lang/Runnable;Ljava/lang/Runnable;)V+72
j  com.jogamp.opengl.awt.GLCanvas$12.run()V+104
j  com.jogamp.opengl.Threading.invoke(ZLjava/lang/Runnable;Ljava/lang/Object;)V+27
j  com.jogamp.opengl.awt.GLCanvas.display()V+64
j  com.jogamp.opengl.awt.GLCanvas.paint(Ljava/awt/Graphics;)V+137
j  sun.awt.RepaintArea.paintComponent(Ljava/awt/Component;Ljava/awt/Graphics;)V+6
j  sun.awt.RepaintArea.paint(Ljava/lang/Object;Z)V+326
j  sun.awt.windows.WComponentPeer.handleEvent(Ljava/awt/AWTEvent;)V+155
j  java.awt.Component.dispatchEventImpl(Ljava/awt/AWTEvent;)V+877
j  java.awt.Component.dispatchEvent(Ljava/awt/AWTEvent;)V+2
j  java.awt.EventQueue.dispatchEventImpl(Ljava/awt/AWTEvent;Ljava/lang/Object;)V+41
j  java.awt.EventQueue.access$500(Ljava/awt/EventQueue;Ljava/awt/AWTEvent;Ljava/lang/Object;)V+3
j  java.awt.EventQueue$3.run()Ljava/lang/Void;+32
j  java.awt.EventQueue$3.run()Ljava/lang/Object;+1
v  ~StubRoutines::call_stub
j  java.security.AccessController.doPrivileged(Ljava/security/PrivilegedAction;Ljava/security/AccessControlContext;)Ljava/lang/Object;+0
j  java.security.ProtectionDomain$JavaSecurityAccessImpl.doIntersectionPrivilege(Ljava/security/PrivilegedAction;Ljava/security/AccessControlContext;Ljava/security/AccessControlContext;)Ljava/lang/Object;+18
j  java.security.ProtectionDomain$JavaSecurityAccessImpl.doIntersectionPrivilege(Ljava/security/PrivilegedAction;Ljava/security/AccessControlContext;)Ljava/lang/Object;+6
j  java.awt.EventQueue$4.run()Ljava/lang/Void;+11
j  java.awt.EventQueue$4.run()Ljava/lang/Object;+1
v  ~StubRoutines::call_stub
j  java.security.AccessController.doPrivileged(Ljava/security/PrivilegedAction;Ljava/security/AccessControlContext;)Ljava/lang/Object;+0
j  java.security.ProtectionDomain$JavaSecurityAccessImpl.doIntersectionPrivilege(Ljava/security/PrivilegedAction;Ljava/security/AccessControlContext;Ljava/security/AccessControlContext;)Ljava/lang/Object;+18
j  java.awt.EventQueue.dispatchEvent(Ljava/awt/AWTEvent;)V+73
j  java.awt.EventDispatchThread.pumpOneEventForFilters(I)V+140
j  java.awt.EventDispatchThread.pumpEventsForFilter(ILjava/awt/Conditional;Ljava/awt/EventFilter;)V+35
j  java.awt.EventDispatchThread.pumpEventsForHierarchy(ILjava/awt/Conditional;Ljava/awt/Component;)V+11
j  java.awt.EventDispatchThread.pumpEvents(ILjava/awt/Conditional;)V+4
j  java.awt.EventDispatchThread.pumpEvents(Ljava/awt/Conditional;)V+3
j  java.awt.EventDispatchThread.run()V+9
v  ~StubRoutines::call_stub

---------------  P R O C E S S  ---------------

Java Threads: ( => current thread )
  0x000000001f4b3000 JavaThread "D3D Screen Updater" daemon [_thread_blocked, id=12668, stack(0x000000002acd0000,0x000000002add0000)]
  0x0000000002562800 JavaThread "DestroyJavaVM" [_thread_blocked, id=17372, stack(0x0000000002460000,0x0000000002560000)]
  0x000000001f132000 JavaThread "main-SharedResourceRunner" daemon [_thread_blocked, id=9760, stack(0x0000000027060000,0x0000000027160000)]
=>0x000000001f26e000 JavaThread "AWT-EventQueue-0" [_thread_in_native, id=7568, stack(0x0000000026d60000,0x0000000026e60000)]
  0x000000001ef68800 JavaThread "AWT-Windows" daemon [_thread_in_native, id=5108, stack(0x000000001f990000,0x000000001fa90000)]
  0x000000001ef68000 JavaThread "AWT-Shutdown" [_thread_blocked, id=16052, stack(0x000000001f890000,0x000000001f990000)]
  0x000000001ef65000 JavaThread "Java2D Disposer" daemon [_thread_blocked, id=15020, stack(0x000000001f790000,0x000000001f890000)]
  0x000000001e065800 JavaThread "Service Thread" daemon [_thread_blocked, id=16036, stack(0x000000001eba0000,0x000000001eca0000)]
  0x000000001dfe8000 JavaThread "C1 CompilerThread3" daemon [_thread_blocked, id=13016, stack(0x000000001eaa0000,0x000000001eba0000)]
  0x000000001dfe4000 JavaThread "C2 CompilerThread2" daemon [_thread_blocked, id=4820, stack(0x000000001e9a0000,0x000000001eaa0000)]
  0x000000001dfdf000 JavaThread "C2 CompilerThread1" daemon [_thread_blocked, id=9164, stack(0x000000001e8a0000,0x000000001e9a0000)]
  0x000000001dfda800 JavaThread "C2 CompilerThread0" daemon [_thread_blocked, id=17324, stack(0x000000001e7a0000,0x000000001e8a0000)]
  0x000000001dfd9800 JavaThread "Attach Listener" daemon [_thread_blocked, id=11520, stack(0x000000001e6a0000,0x000000001e7a0000)]
  0x000000001dfd9000 JavaThread "Signal Dispatcher" daemon [_thread_blocked, id=10600, stack(0x000000001e5a0000,0x000000001e6a0000)]
  0x000000001dfd0800 JavaThread "Finalizer" daemon [_thread_blocked, id=13896, stack(0x000000001e3b0000,0x000000001e4b0000)]
  0x0000000002659000 JavaThread "Reference Handler" daemon [_thread_blocked, id=7452, stack(0x000000001deb0000,0x000000001dfb0000)]

Other Threads:
  0x000000001c0c9800 VMThread [stack: 0x000000001ddb0000,0x000000001deb0000] [id=13272]
  0x000000001e096800 WatcherThread [stack: 0x000000001eca0000,0x000000001eda0000] [id=2588]

VM state:not at safepoint (normal execution)

VM Mutex/Monitor currently owned by a thread: None

Heap:
 PSYoungGen      total 76288K, used 36248K [0x000000076b100000, 0x0000000770600000, 0x00000007c0000000)
  eden space 65536K, 55% used [0x000000076b100000,0x000000076d4662d8,0x000000076f100000)
  from space 10752K, 0% used [0x000000076fb80000,0x000000076fb80000,0x0000000770600000)
  to   space 10752K, 0% used [0x000000076f100000,0x000000076f100000,0x000000076fb80000)
 ParOldGen       total 175104K, used 0K [0x00000006c1200000, 0x00000006cbd00000, 0x000000076b100000)
  object space 175104K, 0% used [0x00000006c1200000,0x00000006c1200000,0x00000006cbd00000)
 Metaspace       used 15139K, capacity 15324K, committed 15616K, reserved 1062912K
  class space    used 1602K, capacity 1669K, committed 1792K, reserved 1048576K

Card table byte_map: [0x0000000011a20000,0x0000000012220000] byte_map_base: 0x000000000e417000

Marking Bits: (ParMarkBitMap*) 0x00000000680b2d00
 Begin Bits: [0x0000000012f70000, 0x0000000016f28000)
 End Bits:   [0x0000000016f28000, 0x000000001aee0000)

Polling page: 0x0000000000b10000

CodeCache: size=245760Kb used=2911Kb max_used=2915Kb free=242848Kb
 bounds [0x0000000002660000, 0x0000000002940000, 0x0000000011660000]
 total_blobs=1504 nmethods=671 adapters=746
 compilation: enabled

Compilation events (10 events):
Event: 1.599 Thread 0x000000001dfe8000 nmethod 667 0x0000000002935590 code [0x0000000002935780, 0x0000000002936378]
Event: 1.599 Thread 0x000000001dfe8000  668       3       java.util.zip.InflaterInputStream::<init> (79 bytes)
Event: 1.599 Thread 0x000000001dfe8000 nmethod 668 0x00000000029369d0 code [0x0000000002936b80, 0x0000000002937278]
Event: 1.602 Thread 0x000000001dfdf000 nmethod 666 0x000000000293a510 code [0x000000000293a680, 0x000000000293aa48]
Event: 1.617 Thread 0x000000001dfe8000  669       3       java.util.regex.Pattern$Ctype::isSatisfiedBy (24 bytes)
Event: 1.618 Thread 0x000000001dfe8000 nmethod 669 0x0000000002939e90 code [0x000000000293a000, 0x000000000293a390]
Event: 1.618 Thread 0x000000001dfe8000  670       3       java.util.regex.ASCII::isType (15 bytes)
Event: 1.618 Thread 0x000000001dfe8000 nmethod 670 0x0000000002939990 code [0x0000000002939b00, 0x0000000002939d70]
Event: 4.625 Thread 0x000000001dfe8000  671       3       java.lang.ClassLoader::checkPackageAccess (122 bytes)
Event: 4.625 Thread 0x000000001dfe8000 nmethod 671 0x00000000029385d0 code [0x0000000002938800, 0x00000000029393e8]

GC Heap History (0 events):
No events

Deoptimization events (3 events):
Event: 0.376 Thread 0x0000000002562800 Uncommon trap: reason=unstable_if action=reinterpret pc=0x000000000281ef3c method=java.lang.String.indexOf([CII[CIII)I @ 3
Event: 0.572 Thread 0x0000000002562800 Uncommon trap: reason=unstable_if action=reinterpret pc=0x000000000285253c method=java.lang.String.<init>([CII)V @ 18
Event: 1.506 Thread 0x0000000002562800 Uncommon trap: reason=unstable_if action=reinterpret pc=0x000000000290e6f4 method=java.lang.reflect.AccessibleObject.setAccessible0(Ljava/lang/reflect/AccessibleObject;Z)V @ 4

Classes redefined (0 events):
No events

Internal exceptions (10 events):
Event: 0.131 Thread 0x0000000002562800 Exception <a 'java/security/PrivilegedActionException'> (0x000000076b200fb8) thrown at [C:\re\workspace\8-2-build-windows-amd64-cygwin\jdk8u181\11358\hotspot\src\share\vm\prims\jvm.cpp, line 1435]
Event: 0.132 Thread 0x0000000002562800 Exception <a 'java/security/PrivilegedActionException'> (0x000000076b204c28) thrown at [C:\re\workspace\8-2-build-windows-amd64-cygwin\jdk8u181\11358\hotspot\src\share\vm\prims\jvm.cpp, line 1435]
Event: 0.132 Thread 0x0000000002562800 Exception <a 'java/security/PrivilegedActionException'> (0x000000076b204e38) thrown at [C:\re\workspace\8-2-build-windows-amd64-cygwin\jdk8u181\11358\hotspot\src\share\vm\prims\jvm.cpp, line 1435]
Event: 0.135 Thread 0x0000000002562800 Exception <a 'java/io/FileNotFoundException'> (0x000000076b206f48) thrown at [C:\re\workspace\8-2-build-windows-amd64-cygwin\jdk8u181\11358\hotspot\src\share\vm\prims\jni.cpp, line 709]
Event: 0.162 Thread 0x0000000002562800 Exception <a 'java/lang/NoSuchFieldError': method resolution failed> (0x000000076b41f1c8) thrown at [C:\re\workspace\8-2-build-windows-amd64-cygwin\jdk8u181\11358\hotspot\src\share\vm\prims\methodHandles.cpp, line 1167]
Event: 0.163 Thread 0x0000000002562800 Exception <a 'java/lang/NoSuchFieldError': method resolution failed> (0x000000076b42c598) thrown at [C:\re\workspace\8-2-build-windows-amd64-cygwin\jdk8u181\11358\hotspot\src\share\vm\prims\methodHandles.cpp, line 1167]
Event: 0.194 Thread 0x0000000002562800 Exception <a 'java/io/FileNotFoundException'> (0x000000076b4c7130) thrown at [C:\re\workspace\8-2-build-windows-amd64-cygwin\jdk8u181\11358\hotspot\src\share\vm\prims\jni.cpp, line 709]
Event: 1.517 Thread 0x0000000002562800 Exception <a 'java/lang/reflect/InvocationTargetException'> (0x000000076c420850) thrown at [C:\re\workspace\8-2-build-windows-amd64-cygwin\jdk8u181\11358\hotspot\src\share\vm\runtime\reflection.cpp, line 1092]
Event: 4.627 Thread 0x000000001f26e000 Exception <a 'java/io/FileNotFoundException'> (0x000000076bcc4dd0) thrown at [C:\re\workspace\8-2-build-windows-amd64-cygwin\jdk8u181\11358\hotspot\src\share\vm\prims\jni.cpp, line 709]
Event: 4.627 Thread 0x000000001f26e000 Exception <a 'java/io/FileNotFoundException'> (0x000000076bcc5f98) thrown at [C:\re\workspace\8-2-build-windows-amd64-cygwin\jdk8u181\11358\hotspot\src\share\vm\prims\jni.cpp, line 709]

Events (10 events):
Event: 4.626 loading class java/util/regex/Pattern$CharPropertyNames$21
Event: 4.626 loading class java/util/regex/Pattern$CharPropertyNames$21 done
Event: 4.626 loading class java/util/regex/Pattern$CharPropertyNames$22
Event: 4.626 loading class java/util/regex/Pattern$CharPropertyNames$22 done
Event: 4.626 loading class java/util/regex/Pattern$CharPropertyNames$23
Event: 4.626 loading class java/util/regex/Pattern$CharPropertyNames$23 done
Event: 4.626 loading class java/util/regex/Pattern$All
Event: 4.626 loading class java/util/regex/Pattern$All done
Event: 4.627 loading class java/util/regex/Pattern$6
Event: 4.627 loading class java/util/regex/Pattern$6 done


Dynamic libraries:
0x00007ff708cf0000 - 0x00007ff708d27000 	C:\Program Files\Java\jre1.8.0_181\bin\javaw.exe
0x00007fffee310000 - 0x00007fffee4eb000 	C:\Windows\SYSTEM32\ntdll.dll
0x00007fffed570000 - 0x00007fffed61e000 	C:\Windows\System32\KERNEL32.DLL
0x00007fffeab90000 - 0x00007fffeadda000 	C:\Windows\System32\KERNELBASE.dll
0x00007fffedfd0000 - 0x00007fffee071000 	C:\Windows\System32\ADVAPI32.dll
0x00007fffed620000 - 0x00007fffed6bd000 	C:\Windows\System32\msvcrt.dll
0x00007fffedf50000 - 0x00007fffedfa9000 	C:\Windows\System32\sechost.dll
0x00007fffee1d0000 - 0x00007fffee2f5000 	C:\Windows\System32\RPCRT4.dll
0x00007fffed6c0000 - 0x00007fffed80a000 	C:\Windows\System32\USER32.dll
0x00007fffea9a0000 - 0x00007fffea9be000 	C:\Windows\System32\win32u.dll
0x00007fffeddd0000 - 0x00007fffeddf7000 	C:\Windows\System32\GDI32.dll
0x00007fffeade0000 - 0x00007fffeaf68000 	C:\Windows\System32\gdi32full.dll
0x00007fffeafc0000 - 0x00007fffeb05a000 	C:\Windows\System32\msvcp_win.dll
0x00007fffea8a0000 - 0x00007fffea996000 	C:\Windows\System32\ucrtbase.dll
0x00007fffdec60000 - 0x00007fffdeec7000 	C:\Windows\WinSxS\amd64_microsoft.windows.common-controls_6595b64144ccf1df_6.0.15063.1155_none_40c7922129a7722b\COMCTL32.dll
0x00007fffed0f0000 - 0x00007fffed3e9000 	C:\Windows\System32\combase.dll
0x00007fffea830000 - 0x00007fffea89a000 	C:\Windows\System32\bcryptPrimitives.dll
0x00007fffede00000 - 0x00007fffede2d000 	C:\Windows\System32\IMM32.DLL
0x0000000067540000 - 0x0000000067612000 	C:\Program Files\Java\jre1.8.0_181\bin\msvcr100.dll
0x0000000067890000 - 0x0000000068132000 	C:\Program Files\Java\jre1.8.0_181\bin\server\jvm.dll
0x00007fffed810000 - 0x00007fffed818000 	C:\Windows\System32\PSAPI.DLL
0x00007fffe8dd0000 - 0x00007fffe8df3000 	C:\Windows\SYSTEM32\WINMM.dll
0x00007fffe8c90000 - 0x00007fffe8c99000 	C:\Windows\SYSTEM32\WSOCK32.dll
0x00007fffe5580000 - 0x00007fffe558a000 	C:\Windows\SYSTEM32\VERSION.dll
0x00007fffedbf0000 - 0x00007fffedc5c000 	C:\Windows\System32\WS2_32.dll
0x00007fffe8d70000 - 0x00007fffe8d9b000 	C:\Windows\SYSTEM32\WINMMBASE.dll
0x00007fffeaf70000 - 0x00007fffeafb9000 	C:\Windows\System32\cfgmgr32.dll
0x00000000677a0000 - 0x00000000677af000 	C:\Program Files\Java\jre1.8.0_181\bin\verify.dll
0x0000000067770000 - 0x0000000067799000 	C:\Program Files\Java\jre1.8.0_181\bin\java.dll
0x0000000067750000 - 0x0000000067766000 	C:\Program Files\Java\jre1.8.0_181\bin\zip.dll
0x00007fffebcb0000 - 0x00007fffed0e9000 	C:\Windows\System32\SHELL32.dll
0x00007fffed820000 - 0x00007fffed8ca000 	C:\Windows\System32\shcore.dll
0x00007fffeb060000 - 0x00007fffeb751000 	C:\Windows\System32\windows.storage.dll
0x00007fffedb30000 - 0x00007fffedb81000 	C:\Windows\System32\shlwapi.dll
0x00007fffea810000 - 0x00007fffea821000 	C:\Windows\System32\kernel.appcore.dll
0x00007fffea7a0000 - 0x00007fffea7ec000 	C:\Windows\System32\powrprof.dll
0x00007fffea780000 - 0x00007fffea795000 	C:\Windows\System32\profapi.dll
0x00000000673a0000 - 0x0000000067539000 	C:\Program Files\Java\jre1.8.0_181\bin\awt.dll
0x00007fffeda70000 - 0x00007fffedb30000 	C:\Windows\System32\OLEAUT32.dll
0x00007fffe86e0000 - 0x00007fffe875e000 	C:\Windows\SYSTEM32\apphelp.dll
0x00007fffe8e50000 - 0x00007fffe8e7a000 	C:\Windows\system32\DWMAPI.DLL
0x00007fffe8fc0000 - 0x00007fffe9055000 	C:\Windows\system32\uxtheme.dll
0x00007fffcfb00000 - 0x00007fffcfc21000 	C:\Windows\system32\opengl32.dll
0x00007fffe3090000 - 0x00007fffe30bc000 	C:\Windows\SYSTEM32\GLU32.dll
0x00007fffedc60000 - 0x00007fffeddc6000 	C:\Windows\System32\MSCTF.dll
0x00007fffee080000 - 0x00007fffee1c5000 	C:\Windows\System32\ole32.dll
0x00007fffe6450000 - 0x00007fffe6462000 	C:\Windows\SysWOW64\LskHook64.dll
0x00007fffe0ac0000 - 0x00007fffe0c49000 	C:\Windows\system32\d3d9.dll
0x00007fffe2390000 - 0x00007fffe247b000 	C:\Windows\System32\DriverStore\FileRepository\nvaki.inf_amd64_341cb1ed786e2f65\nvldumdx.dll
0x00007fffea9c0000 - 0x00007fffeab89000 	C:\Windows\System32\crypt32.dll
0x00007fffea7f0000 - 0x00007fffea801000 	C:\Windows\System32\MSASN1.dll
0x00007fffeb760000 - 0x00007fffeb7b7000 	C:\Windows\System32\WINTRUST.DLL
0x00007fffedfb0000 - 0x00007fffedfcd000 	C:\Windows\System32\imagehlp.dll
0x00007fffea1d0000 - 0x00007fffea1e7000 	C:\Windows\SYSTEM32\CRYPTSP.dll
0x00007fffe9c60000 - 0x00007fffe9c94000 	C:\Windows\system32\rsaenh.dll
0x00007fffea340000 - 0x00007fffea365000 	C:\Windows\SYSTEM32\bcrypt.dll
0x00007fffea1f0000 - 0x00007fffea1fb000 	C:\Windows\SYSTEM32\CRYPTBASE.dll
0x00007fffb8d20000 - 0x00007fffb9f2d000 	C:\Windows\System32\DriverStore\FileRepository\nvaki.inf_amd64_341cb1ed786e2f65\nvd3dumx.dll
0x00007fffdfa60000 - 0x00007fffdfb4b000 	C:\Program Files (x86)\NVIDIA Corporation\3D Vision\nvSCPAPI64.dll
0x00007fffeb870000 - 0x00007fffebcab000 	C:\Windows\System32\SETUPAPI.dll
0x00007fffc5910000 - 0x00007fffc5b69000 	C:\Windows\system32\nvspcap64.dll
0x00007fffe9790000 - 0x00007fffe97c1000 	C:\Windows\SYSTEM32\ntmarta.dll
0x00007fffea6b0000 - 0x00007fffea6d9000 	C:\Windows\SYSTEM32\USERENV.dll
0x0000000067730000 - 0x000000006774a000 	C:\Program Files\Java\jre1.8.0_181\bin\net.dll
0x00007fffea030000 - 0x00007fffea08c000 	C:\Windows\system32\mswsock.dll
0x00007fffe9dd0000 - 0x00007fffe9e07000 	C:\Windows\SYSTEM32\IPHLPAPI.DLL
0x00007fffed560000 - 0x00007fffed568000 	C:\Windows\System32\NSI.dll
0x00007fffe7120000 - 0x00007fffe7136000 	C:\Windows\SYSTEM32\dhcpcsvc6.DLL
0x00007fffe7090000 - 0x00007fffe70aa000 	C:\Windows\SYSTEM32\dhcpcsvc.DLL
0x0000000067710000 - 0x0000000067721000 	C:\Program Files\Java\jre1.8.0_181\bin\nio.dll
0x00000000637c0000 - 0x00000000637cd000 	C:\Users\sorvarin\AppData\Local\Temp\jogamp_0000\file_cache\jln5954499490037444489\jln4939120227582289486\natives\windows-amd64\gluegen-rt.dll
0x0000000067390000 - 0x0000000067397000 	C:\Program Files\Java\jre1.8.0_181\bin\jawt.dll
0x000000006a440000 - 0x000000006a44d000 	C:\Users\sorvarin\AppData\Local\Temp\jogamp_0000\file_cache\jln5954499490037444489\jln4939120227582289486\natives\windows-amd64\nativewindow_awt.dll
0x000000006c100000 - 0x000000006c10f000 	C:\Users\sorvarin\AppData\Local\Temp\jogamp_0000\file_cache\jln5954499490037444489\jln4939120227582289486\natives\windows-amd64\nativewindow_win32.dll
0x0000000064500000 - 0x00000000645b1000 	C:\Users\sorvarin\AppData\Local\Temp\jogamp_0000\file_cache\jln5954499490037444489\jln4939120227582289486\natives\windows-amd64\jogl_desktop.dll
0x00007fffba960000 - 0x00007fffbab52000 	C:\Program Files\Anaconda3\Library\bin\libGLESv2.dll
0x00007fffda370000 - 0x00007fffda40c000 	C:\Program Files\Java\jre1.8.0_181\bin\MSVCP140.dll
0x00007fffe0910000 - 0x00007fffe0926000 	C:\Program Files\Java\jre1.8.0_181\bin\VCRUNTIME140.dll
0x00007fffe6960000 - 0x00007fffe696a000 	C:\Program Files\Anaconda3\Library\bin\libEGL.dll
0x0000000064340000 - 0x00000000643a2000 	C:\Users\sorvarin\AppData\Local\Temp\jogamp_0000\file_cache\jln5954499490037444489\jln4939120227582289486\natives\windows-amd64\jogl_mobile.dll
0x0000000065190000 - 0x000000006738e000 	C:\Windows\System32\DriverStore\FileRepository\nvaki.inf_amd64_341cb1ed786e2f65\nvoglv64.dll
0x00007fffe8bb0000 - 0x00007fffe8bc3000 	C:\Windows\SYSTEM32\WTSAPI32.dll
0x00007fffe93e0000 - 0x00007fffe9408000 	C:\Windows\SYSTEM32\DEVOBJ.dll
0x00007fffea230000 - 0x00007fffea285000 	C:\Windows\SYSTEM32\WINSTA.dll
0x0000000065140000 - 0x0000000065187000 	C:\Program Files\Java\jre1.8.0_181\bin\fontmanager.dll
0x00007fffe71d0000 - 0x00007fffe7251000 	C:\Windows\System32\TextInputFramework.dll
0x00007fffe5c60000 - 0x00007fffe5f33000 	C:\Windows\System32\CoreUIComponents.dll
0x00007fffe7f40000 - 0x00007fffe8024000 	C:\Windows\System32\CoreMessaging.dll
0x00007fffe5b00000 - 0x00007fffe5c39000 	C:\Windows\SYSTEM32\wintypes.dll
0x00007fffe5c40000 - 0x00007fffe5c55000 	C:\Windows\SYSTEM32\usermgrcli.dll
0x00007fffdf5d0000 - 0x00007fffdf779000 	C:\Windows\SYSTEM32\dbghelp.dll

VM Arguments:
jvm_args: -Djava.library.path=C:\javagaming\jogl\jogamp-all-platforms\jogamp-all-platforms\lib;C:\javagaming\jogl\jogamp-all-platforms\jogamp-all-platforms\lib -Dfile.encoding=Cp1252 
java_command: Code
java_class_path (initial): C:\Program Files\Java\jre1.8.0_181\lib\resources.jar;C:\Program Files\Java\jre1.8.0_181\lib\rt.jar;C:\Program Files\Java\jre1.8.0_181\lib\jsse.jar;C:\Program Files\Java\jre1.8.0_181\lib\jce.jar;C:\Program Files\Java\jre1.8.0_181\lib\charsets.jar;C:\Program Files\Java\jre1.8.0_181\lib\jfr.jar;C:\Program Files\Java\jre1.8.0_181\lib\ext\access-bridge-64.jar;C:\Program Files\Java\jre1.8.0_181\lib\ext\cldrdata.jar;C:\Program Files\Java\jre1.8.0_181\lib\ext\dnsns.jar;C:\Program Files\Java\jre1.8.0_181\lib\ext\jaccess.jar;C:\Program Files\Java\jre1.8.0_181\lib\ext\jfxrt.jar;C:\Program Files\Java\jre1.8.0_181\lib\ext\localedata.jar;C:\Program Files\Java\jre1.8.0_181\lib\ext\nashorn.jar;C:\Program Files\Java\jre1.8.0_181\lib\ext\sunec.jar;C:\Program Files\Java\jre1.8.0_181\lib\ext\sunjce_provider.jar;C:\Program Files\Java\jre1.8.0_181\lib\ext\sunmscapi.jar;C:\Program Files\Java\jre1.8.0_181\lib\ext\sunpkcs11.jar;C:\Program Files\Java\jre1.8.0_181\lib\ext\zipfs.jar;C:\Users\sorvarin\eclipse-workspace\Assignment1\bin;C:\javagaming\jogl\gluegen-rt.jar;C:\javagaming\jogl\jogl-all.jar;C:\javagaming\graphicslib3D\graphicslib3D.jar
Launcher Type: SUN_STANDARD

Environment Variables:
JAVA_HOME=C:\Program Files\Java\jdk1.8.0_181
CLASSPATH=.;c:\javagaming\jogl\jogl-all.jar;c:\javagaming\jogl\gluegen-rt.jar;c:\javagaming\jinput\jinput.jar;c:\javagaming\vecmath\vecmath.jar;c:\javagaming\jbullet\jbullet.jar;c:\javagaming\graphicslib3D\graphicslib3D.jar;c:\javagaming\sage\sage.jar;c:\javagaming\sage\sagetest.jar;c:\javagaming\ode4j\core-0.3.0.jar;c:\javagaming\luaj\luaj-jse-3.0.jar;c:\javagaming\jogl\joal.jar;c:\javagaming\joml\joml-1.9.8.jar;c:\javagaming\rage165\ray.jar;
PATH=C:/Program Files/Java/jre1.8.0_181/bin/server;C:/Program Files/Java/jre1.8.0_181/bin;C:/Program Files/Java/jre1.8.0_181/lib/amd64;C:\Program Files (x86)\Common Files\Oracle\Java\javapath;C:\Program Files\Microsoft MPI\Bin\;C:\Ruby24-x64\bin;C:\Python27\;C:\Python27\Scripts;C:\ProgramData\Oracle\Java\javapath;C:\Windows\system32;C:\Windows;C:\Windows\System32\Wbem;C:\Windows\System32\WindowsPowerShell\v1.0\;C:\Program Files\PuTTY\;C:\Users\ds_apps\AppData\Local\Microsoft\WindowsApps;C:\Program Files (x86)\NVIDIA Corporation\PhysX\Common;C:\Program Files (x86)\GtkSharp\2.12\bin;C:\Program Files\Microsoft SQL Server\130\Tools\Binn\;C:\Program Files\Anaconda3;C:\Program Files\Anaconda3\Scripts;C:\Program Files\Anaconda3\Library\bin;C:\Users\ds_apps.ecs\AppData\Local\Microsoft\WindowsApps;;C:\javagaming\jinput\lib;C:\Program Files\NVIDIA GPU Computing Toolkit\CUDA\v9.1\bin;C:\Program Files\NVIDIA GPU Computing Toolkit\CUDA\v9.1\libnvvp;C:\Program Files\Java\jdk1.8.0_181\bin;C:\Users\sorvarin\AppData\Local\Microsoft\WindowsApps;;C:\Program Files\Eclipse;
USERNAME=sorvarin
OS=Windows_NT
PROCESSOR_IDENTIFIER=Intel64 Family 6 Model 79 Stepping 1, GenuineIntel



---------------  S Y S T E M  ---------------

OS: Windows 10.0 , 64 bit Build 15063 (10.0.15063.1058)

CPU:total 8 (initial active 8) (4 cores per cpu, 2 threads per core) family 6 model 79 stepping 1, cmov, cx8, fxsr, mmx, sse, sse2, sse3, ssse3, sse4.1, sse4.2, popcnt, avx, avx2, aes, clmul, erms, rtm, 3dnowpref, lzcnt, ht, tsc, tscinvbit, bmi1, bmi2, adx

Memory: 4k page, physical 16697464k(9990776k free), swap 19187832k(10311592k free)

vm_info: Java HotSpot(TM) 64-Bit Server VM (25.181-b13) for windows-amd64 JRE (1.8.0_181-b13), built on Jul  7 2018 04:01:33 by "java_re" with MS VC++ 10.0 (VS2010)

time: Wed Sep 19 22:10:47 2018
elapsed time: 4 seconds (0d 0h 0m 4s)

